<?xml version="1.0" encoding="UTF-8"?>
<testsuites>
  <testsuite name="" tests="17" assertions="129" errors="0" warnings="0" failures="0" skipped="0" time="0.111132">
    <testsuite name="Project Test Suite" tests="17" assertions="129" errors="0" warnings="0" failures="0" skipped="0" time="0.111132">
      <testsuite name="App\Card\CardHandTest" file="/home/evertgoran/dbwebb-kurser/mvc/me/report/tests/Card/CardHandTest.php" tests="5" assertions="5" errors="0" warnings="0" failures="0" skipped="0" time="0.016262">
        <testcase name="testCreateObject" class="App\Card\CardHandTest" classname="App.Card.CardHandTest" file="/home/evertgoran/dbwebb-kurser/mvc/me/report/tests/Card/CardHandTest.php" line="18" assertions="1" time="0.011784"/>
        <testcase name="testReturnCurrentDeckMethod" class="App\Card\CardHandTest" classname="App.Card.CardHandTest" file="/home/evertgoran/dbwebb-kurser/mvc/me/report/tests/Card/CardHandTest.php" line="27" assertions="1" time="0.001360"/>
        <testcase name="testReturnedStringArray" class="App\Card\CardHandTest" classname="App.Card.CardHandTest" file="/home/evertgoran/dbwebb-kurser/mvc/me/report/tests/Card/CardHandTest.php" line="37" assertions="1" time="0.000718"/>
        <testcase name="testGetTotalNumericalValue" class="App\Card\CardHandTest" classname="App.Card.CardHandTest" file="/home/evertgoran/dbwebb-kurser/mvc/me/report/tests/Card/CardHandTest.php" line="50" assertions="1" time="0.000718"/>
        <testcase name="testGetRandomCard" class="App\Card\CardHandTest" classname="App.Card.CardHandTest" file="/home/evertgoran/dbwebb-kurser/mvc/me/report/tests/Card/CardHandTest.php" line="64" assertions="1" time="0.001682"/>
      </testsuite>
      <testsuite name="App\Card\CardTest" file="/home/evertgoran/dbwebb-kurser/mvc/me/report/tests/Card/CardTest.php" tests="2" assertions="2" errors="0" warnings="0" failures="0" skipped="0" time="0.001530">
        <testcase name="testCreateObject" class="App\Card\CardTest" classname="App.Card.CardTest" file="/home/evertgoran/dbwebb-kurser/mvc/me/report/tests/Card/CardTest.php" line="16" assertions="1" time="0.000554"/>
        <testcase name="testThatItReturnsCorrectString" class="App\Card\CardTest" classname="App.Card.CardTest" file="/home/evertgoran/dbwebb-kurser/mvc/me/report/tests/Card/CardTest.php" line="25" assertions="1" time="0.000976"/>
      </testsuite>
      <testsuite name="App\Card\DeckOfCardsTest" file="/home/evertgoran/dbwebb-kurser/mvc/me/report/tests/Card/DeckOfCardsTest.php" tests="5" assertions="58" errors="0" warnings="0" failures="0" skipped="0" time="0.010104">
        <testcase name="testCreateObject" class="App\Card\DeckOfCardsTest" classname="App.Card.DeckOfCardsTest" file="/home/evertgoran/dbwebb-kurser/mvc/me/report/tests/Card/DeckOfCardsTest.php" line="18" assertions="1" time="0.001152"/>
        <testcase name="testGetRandomCard" class="App\Card\DeckOfCardsTest" classname="App.Card.DeckOfCardsTest" file="/home/evertgoran/dbwebb-kurser/mvc/me/report/tests/Card/DeckOfCardsTest.php" line="28" assertions="1" time="0.001252"/>
        <testcase name="testGetWholeDeckArray" class="App\Card\DeckOfCardsTest" classname="App.Card.DeckOfCardsTest" file="/home/evertgoran/dbwebb-kurser/mvc/me/report/tests/Card/DeckOfCardsTest.php" line="40" assertions="2" time="0.001284"/>
        <testcase name="testGetAsString" class="App\Card\DeckOfCardsTest" classname="App.Card.DeckOfCardsTest" file="/home/evertgoran/dbwebb-kurser/mvc/me/report/tests/Card/DeckOfCardsTest.php" line="57" assertions="52" time="0.002080"/>
        <testcase name="testsortTheCurrentDeck" class="App\Card\DeckOfCardsTest" classname="App.Card.DeckOfCardsTest" file="/home/evertgoran/dbwebb-kurser/mvc/me/report/tests/Card/DeckOfCardsTest.php" line="70" assertions="2" time="0.004336"/>
      </testsuite>
      <testsuite name="App\Game\CardGameTest" file="/home/evertgoran/dbwebb-kurser/mvc/me/report/tests/Game/CardGameTest.php" tests="5" assertions="64" errors="0" warnings="0" failures="0" skipped="0" time="0.083236">
        <testcase name="testCreateObject" class="App\Game\CardGameTest" classname="App.Game.CardGameTest" file="/home/evertgoran/dbwebb-kurser/mvc/me/report/tests/Game/CardGameTest.php" line="18" assertions="1" time="0.001624"/>
        <testcase name="testEvaluateWinner" class="App\Game\CardGameTest" classname="App.Game.CardGameTest" file="/home/evertgoran/dbwebb-kurser/mvc/me/report/tests/Game/CardGameTest.php" line="27" assertions="2" time="0.002790"/>
        <testcase name="testEvaluateWinnerWhenPlayerHandTooBig" class="App\Game\CardGameTest" classname="App.Game.CardGameTest" file="/home/evertgoran/dbwebb-kurser/mvc/me/report/tests/Game/CardGameTest.php" line="59" assertions="2" time="0.001194"/>
        <testcase name="testPlayerWinnerWhenBothAreUnderTwentyOne" class="App\Game\CardGameTest" classname="App.Game.CardGameTest" file="/home/evertgoran/dbwebb-kurser/mvc/me/report/tests/Game/CardGameTest.php" line="72" assertions="58" time="0.076287"/>
        <testcase name="testAddOneMoreCardToPlayerHand" class="App\Game\CardGameTest" classname="App.Game.CardGameTest" file="/home/evertgoran/dbwebb-kurser/mvc/me/report/tests/Game/CardGameTest.php" line="89" assertions="1" time="0.001341"/>
      </testsuite>
    </testsuite>
  </testsuite>
</testsuites>
